<?xml version="1.0" encoding="UTF-8"?>
<TestRun id="b2a87285-048e-4f68-ad8a-c2f64531098f" name="bruno.fernandes@NOTECCE 2014-01-29 21:17:46" runUser="NoteCCE\bruno.fernandes" xmlns="http://microsoft.com/schemas/VisualStudio/TeamTest/2010">
  <TestSettings name="Default Test Settings" id="a7695aea-9bef-49ac-a1b5-c5153bac4b1f">
    <Deployment runDeploymentRoot="bruno.fernandes_NOTECCE 2014-01-29 21_17_46">
      <DeploymentItem filename="D:\Projeto\MercadoPleno\MPSC.Dojo\Projeto\[CaixaEletronico]\Bin\CaixaEletronico.dll" />
    </Deployment>
    <Execution>
      <TestTypeSpecific />
      <AgentRule name="Execution Agents">
      </AgentRule>
    </Execution>
  </TestSettings>
  <Times creation="2014-01-29T21:17:46.7279635-02:00" queuing="2014-01-29T21:17:46.8829723-02:00" start="2014-01-29T21:17:46.8949730-02:00" finish="2014-01-29T21:17:47.4850068-02:00" />
  <ResultSummary outcome="Completed">
    <Counters total="32" executed="32" passed="32" error="0" failed="0" timeout="0" aborted="0" inconclusive="0" passedButRunAborted="0" notRunnable="0" notExecuted="0" disconnected="0" warning="0" completed="0" inProgress="0" pending="0" />
  </ResultSummary>
  <TestDefinitions>
    <UnitTest name="Se_Tentar_Sacar_Centavos_ou_Valores_Menores_Que_10_Reais_Deve_Disparar_Excecao" storage="d:\projeto\mercadopleno\mpsc.dojo\projeto\[caixaeletronico]\bin\testproject1.dll" id="5cc7b6b5-1411-8e85-cfa1-aea5ff3ae8e1">
      <Execution id="97de6a80-8819-426d-870a-9b617da9c113" />
      <TestMethod codeBase="D:/Projeto/MercadoPleno/MPSC.Dojo/Projeto/[CaixaEletronico]/Bin/TestProject1.DLL" adapterTypeName="Microsoft.VisualStudio.TestTools.TestTypes.Unit.UnitTestAdapter, Microsoft.VisualStudio.QualityTools.Tips.UnitTest.Adapter, Version=10.0.0.0, Culture=neutral, PublicKeyToken=b03f5f7f11d50a3a" className="TestProject1.SaqueTest, TestProject1, Version=1.0.0.0, Culture=neutral, PublicKeyToken=null" name="Se_Tentar_Sacar_Centavos_ou_Valores_Menores_Que_10_Reais_Deve_Disparar_Excecao" />
    </UnitTest>
    <UnitTest name="Se_Clonar_10_Nota50_Deve_Retornar_10_Notas_de_50_Reais" storage="d:\projeto\mercadopleno\mpsc.dojo\projeto\[caixaeletronico]\bin\testproject1.dll" id="80044c07-c8ee-f918-ee80-e471e604d7db">
      <Execution id="81359490-9c57-43f8-b67a-5455d304d656" />
      <TestMethod codeBase="D:/Projeto/MercadoPleno/MPSC.Dojo/Projeto/[CaixaEletronico]/Bin/TestProject1.DLL" adapterTypeName="Microsoft.VisualStudio.TestTools.TestTypes.Unit.UnitTestAdapter, Microsoft.VisualStudio.QualityTools.Tips.UnitTest.Adapter, Version=10.0.0.0, Culture=neutral, PublicKeyToken=b03f5f7f11d50a3a" className="TestProject1.NotaTest, TestProject1, Version=1.0.0.0, Culture=neutral, PublicKeyToken=null" name="Se_Clonar_10_Nota50_Deve_Retornar_10_Notas_de_50_Reais" />
    </UnitTest>
    <UnitTest name="Se_Sacar_30_Reais_Deve_Retornar_1_Nota_de_20_Reais_e_1_Nota_de_10_Reais" storage="d:\projeto\mercadopleno\mpsc.dojo\projeto\[caixaeletronico]\bin\testproject1.dll" id="300b6de9-d0dc-1a87-dfbe-f0df6e7f5586">
      <Execution id="d6c47a92-4d70-494e-be5f-98cf60bf75be" />
      <TestMethod codeBase="D:/Projeto/MercadoPleno/MPSC.Dojo/Projeto/[CaixaEletronico]/Bin/TestProject1.DLL" adapterTypeName="Microsoft.VisualStudio.TestTools.TestTypes.Unit.UnitTestAdapter, Microsoft.VisualStudio.QualityTools.Tips.UnitTest.Adapter, Version=10.0.0.0, Culture=neutral, PublicKeyToken=b03f5f7f11d50a3a" className="TestProject1.SaqueTest, TestProject1, Version=1.0.0.0, Culture=neutral, PublicKeyToken=null" name="Se_Sacar_30_Reais_Deve_Retornar_1_Nota_de_20_Reais_e_1_Nota_de_10_Reais" />
    </UnitTest>
    <UnitTest name="Se_Sacar_100_Reais_Deve_Retornar_1_Nota_de_100_Reais" storage="d:\projeto\mercadopleno\mpsc.dojo\projeto\[caixaeletronico]\bin\testproject1.dll" id="704680a5-4ea5-56e8-1845-06251993585e">
      <Execution id="c3cf9521-44f0-4a72-af4e-0152d965e7dd" />
      <TestMethod codeBase="D:/Projeto/MercadoPleno/MPSC.Dojo/Projeto/[CaixaEletronico]/Bin/TestProject1.DLL" adapterTypeName="Microsoft.VisualStudio.TestTools.TestTypes.Unit.UnitTestAdapter, Microsoft.VisualStudio.QualityTools.Tips.UnitTest.Adapter, Version=10.0.0.0, Culture=neutral, PublicKeyToken=b03f5f7f11d50a3a" className="TestProject1.SaqueTest, TestProject1, Version=1.0.0.0, Culture=neutral, PublicKeyToken=null" name="Se_Sacar_100_Reais_Deve_Retornar_1_Nota_de_100_Reais" />
    </UnitTest>
    <UnitTest name="Se_Clonar_10_Nota100_Deve_Retornar_10_Notas_de_100_Reais" storage="d:\projeto\mercadopleno\mpsc.dojo\projeto\[caixaeletronico]\bin\testproject1.dll" id="ed9e88f8-debe-02e0-c578-2981478b820e">
      <Execution id="37574c55-1b53-4525-9c41-8673a7bd86b0" />
      <TestMethod codeBase="D:/Projeto/MercadoPleno/MPSC.Dojo/Projeto/[CaixaEletronico]/Bin/TestProject1.DLL" adapterTypeName="Microsoft.VisualStudio.TestTools.TestTypes.Unit.UnitTestAdapter, Microsoft.VisualStudio.QualityTools.Tips.UnitTest.Adapter, Version=10.0.0.0, Culture=neutral, PublicKeyToken=b03f5f7f11d50a3a" className="TestProject1.NotaTest, TestProject1, Version=1.0.0.0, Culture=neutral, PublicKeyToken=null" name="Se_Clonar_10_Nota100_Deve_Retornar_10_Notas_de_100_Reais" />
    </UnitTest>
    <UnitTest name="Se_Comparar_Uma_Nota_de_20_Reais_Com_Outra_Nota_De_10_Reais_a_Comparacao_Deve_Retornar_1_Positivo" storage="d:\projeto\mercadopleno\mpsc.dojo\projeto\[caixaeletronico]\bin\testproject1.dll" id="de16fd6c-5a2b-44da-e81b-4f630ecf4796">
      <Execution id="c2bed1cc-f484-46b3-8893-144bafd140ed" />
      <TestMethod codeBase="D:/Projeto/MercadoPleno/MPSC.Dojo/Projeto/[CaixaEletronico]/Bin/TestProject1.DLL" adapterTypeName="Microsoft.VisualStudio.TestTools.TestTypes.Unit.UnitTestAdapter, Microsoft.VisualStudio.QualityTools.Tips.UnitTest.Adapter, Version=10.0.0.0, Culture=neutral, PublicKeyToken=b03f5f7f11d50a3a" className="TestProject1.NotaTest, TestProject1, Version=1.0.0.0, Culture=neutral, PublicKeyToken=null" name="Se_Comparar_Uma_Nota_de_20_Reais_Com_Outra_Nota_De_10_Reais_a_Comparacao_Deve_Retornar_1_Positivo" />
    </UnitTest>
    <UnitTest name="Se_Clonar_10_Nota5_Deve_Retornar_10_Notas_de_5_Reais" storage="d:\projeto\mercadopleno\mpsc.dojo\projeto\[caixaeletronico]\bin\testproject1.dll" id="20a542dd-9550-7f48-a2d1-cd115ec38b68">
      <Execution id="faa2d48a-cef3-4dd4-9bb6-eb6d002ee36e" />
      <TestMethod codeBase="D:/Projeto/MercadoPleno/MPSC.Dojo/Projeto/[CaixaEletronico]/Bin/TestProject1.DLL" adapterTypeName="Microsoft.VisualStudio.TestTools.TestTypes.Unit.UnitTestAdapter, Microsoft.VisualStudio.QualityTools.Tips.UnitTest.Adapter, Version=10.0.0.0, Culture=neutral, PublicKeyToken=b03f5f7f11d50a3a" className="TestProject1.NotaTest, TestProject1, Version=1.0.0.0, Culture=neutral, PublicKeyToken=null" name="Se_Clonar_10_Nota5_Deve_Retornar_10_Notas_de_5_Reais" />
    </UnitTest>
    <UnitTest name="Se_Sacar_190_Reais_Deve_Retornar_1_Nota_de_100_Reais_1_Nota_de_50_Reais_2_Notas_de_20_Reais_e_0_Notas_de_10_Reais" storage="d:\projeto\mercadopleno\mpsc.dojo\projeto\[caixaeletronico]\bin\testproject1.dll" id="197b5169-cc06-f432-df95-c320417e284f">
      <Execution id="3a3db515-fbb3-4067-b1a6-5657669dd85e" />
      <TestMethod codeBase="D:/Projeto/MercadoPleno/MPSC.Dojo/Projeto/[CaixaEletronico]/Bin/TestProject1.DLL" adapterTypeName="Microsoft.VisualStudio.TestTools.TestTypes.Unit.UnitTestAdapter, Microsoft.VisualStudio.QualityTools.Tips.UnitTest.Adapter, Version=10.0.0.0, Culture=neutral, PublicKeyToken=b03f5f7f11d50a3a" className="TestProject1.SaqueTest, TestProject1, Version=1.0.0.0, Culture=neutral, PublicKeyToken=null" name="Se_Sacar_190_Reais_Deve_Retornar_1_Nota_de_100_Reais_1_Nota_de_50_Reais_2_Notas_de_20_Reais_e_0_Notas_de_10_Reais" />
    </UnitTest>
    <UnitTest name="Se_Tentar_Sacar_Valores_Maiores_e_Nao_Multiplos_de_10_Reais_Deve_Disparar_Excecao" storage="d:\projeto\mercadopleno\mpsc.dojo\projeto\[caixaeletronico]\bin\testproject1.dll" id="b4cb7266-3ac4-2c40-b6b1-7b72353912d7">
      <Execution id="9688f7b1-7574-4874-af1d-fd55f9a5d35d" />
      <TestMethod codeBase="D:/Projeto/MercadoPleno/MPSC.Dojo/Projeto/[CaixaEletronico]/Bin/TestProject1.DLL" adapterTypeName="Microsoft.VisualStudio.TestTools.TestTypes.Unit.UnitTestAdapter, Microsoft.VisualStudio.QualityTools.Tips.UnitTest.Adapter, Version=10.0.0.0, Culture=neutral, PublicKeyToken=b03f5f7f11d50a3a" className="TestProject1.SaqueTest, TestProject1, Version=1.0.0.0, Culture=neutral, PublicKeyToken=null" name="Se_Tentar_Sacar_Valores_Maiores_e_Nao_Multiplos_de_10_Reais_Deve_Disparar_Excecao" />
    </UnitTest>
    <UnitTest name="Se_Sacar_20_Reais_Deve_Retornar_1_Nota_de_20_Reais" storage="d:\projeto\mercadopleno\mpsc.dojo\projeto\[caixaeletronico]\bin\testproject1.dll" id="6e16e2f8-6dfa-d1ea-0438-ac6751dfb314">
      <Execution id="6d24e188-6942-4a73-b709-e037bf37d43f" />
      <TestMethod codeBase="D:/Projeto/MercadoPleno/MPSC.Dojo/Projeto/[CaixaEletronico]/Bin/TestProject1.DLL" adapterTypeName="Microsoft.VisualStudio.TestTools.TestTypes.Unit.UnitTestAdapter, Microsoft.VisualStudio.QualityTools.Tips.UnitTest.Adapter, Version=10.0.0.0, Culture=neutral, PublicKeyToken=b03f5f7f11d50a3a" className="TestProject1.SaqueTest, TestProject1, Version=1.0.0.0, Culture=neutral, PublicKeyToken=null" name="Se_Sacar_20_Reais_Deve_Retornar_1_Nota_de_20_Reais" />
    </UnitTest>
    <UnitTest name="Se_Sacar_180_Reais_Deve_Retornar_1_Nota_de_100_Reais_1_Nota_de_50_Reais_1_Nota_de_20_Reais_e_1_Nota_de_10_Reais" storage="d:\projeto\mercadopleno\mpsc.dojo\projeto\[caixaeletronico]\bin\testproject1.dll" id="a95c582e-4e43-0dde-2aad-13bd6187c9bc">
      <Execution id="a9ba1134-54ec-4bac-9706-46993a1878f8" />
      <TestMethod codeBase="D:/Projeto/MercadoPleno/MPSC.Dojo/Projeto/[CaixaEletronico]/Bin/TestProject1.DLL" adapterTypeName="Microsoft.VisualStudio.TestTools.TestTypes.Unit.UnitTestAdapter, Microsoft.VisualStudio.QualityTools.Tips.UnitTest.Adapter, Version=10.0.0.0, Culture=neutral, PublicKeyToken=b03f5f7f11d50a3a" className="TestProject1.SaqueTest, TestProject1, Version=1.0.0.0, Culture=neutral, PublicKeyToken=null" name="Se_Sacar_180_Reais_Deve_Retornar_1_Nota_de_100_Reais_1_Nota_de_50_Reais_1_Nota_de_20_Reais_e_1_Nota_de_10_Reais" />
    </UnitTest>
    <UnitTest name="Se_Comparar_Uma_Nota_de_20_Reais_Com_Algum_Objeto_Que_Nao_Herda_De_Nota_a_Comparacao_Deve_Retornar_Zero" storage="d:\projeto\mercadopleno\mpsc.dojo\projeto\[caixaeletronico]\bin\testproject1.dll" id="09d99368-afcb-506a-1958-6522c5224b65">
      <Execution id="8d090cbd-8e0a-4bd9-b3d3-8dfd7b7f1bf1" />
      <TestMethod codeBase="D:/Projeto/MercadoPleno/MPSC.Dojo/Projeto/[CaixaEletronico]/Bin/TestProject1.DLL" adapterTypeName="Microsoft.VisualStudio.TestTools.TestTypes.Unit.UnitTestAdapter, Microsoft.VisualStudio.QualityTools.Tips.UnitTest.Adapter, Version=10.0.0.0, Culture=neutral, PublicKeyToken=b03f5f7f11d50a3a" className="TestProject1.NotaTest, TestProject1, Version=1.0.0.0, Culture=neutral, PublicKeyToken=null" name="Se_Comparar_Uma_Nota_de_20_Reais_Com_Algum_Objeto_Que_Nao_Herda_De_Nota_a_Comparacao_Deve_Retornar_Zero" />
    </UnitTest>
    <UnitTest name="Se_Sacar_10_Reais_Deve_Retornar_1_Nota_de_10_Reais" storage="d:\projeto\mercadopleno\mpsc.dojo\projeto\[caixaeletronico]\bin\testproject1.dll" id="f2cdae1c-5ebf-a493-0bc0-175f41d25da1">
      <Execution id="802a75b3-271d-4a0d-aed0-d56eec5f4333" />
      <TestMethod codeBase="D:/Projeto/MercadoPleno/MPSC.Dojo/Projeto/[CaixaEletronico]/Bin/TestProject1.DLL" adapterTypeName="Microsoft.VisualStudio.TestTools.TestTypes.Unit.UnitTestAdapter, Microsoft.VisualStudio.QualityTools.Tips.UnitTest.Adapter, Version=10.0.0.0, Culture=neutral, PublicKeyToken=b03f5f7f11d50a3a" className="TestProject1.SaqueTest, TestProject1, Version=1.0.0.0, Culture=neutral, PublicKeyToken=null" name="Se_Sacar_10_Reais_Deve_Retornar_1_Nota_de_10_Reais" />
    </UnitTest>
    <UnitTest name="Se_a_Nota_For_Uma_Nota_de_10_Reais_o_Valor_da_Nota_Deve_Ser_10" storage="d:\projeto\mercadopleno\mpsc.dojo\projeto\[caixaeletronico]\bin\testproject1.dll" id="930d456f-b8ae-0087-bd87-56faa6d32eba">
      <Execution id="99ec0ea0-acc0-415b-b2fe-b5fa5ac959ad" />
      <TestMethod codeBase="D:/Projeto/MercadoPleno/MPSC.Dojo/Projeto/[CaixaEletronico]/Bin/TestProject1.DLL" adapterTypeName="Microsoft.VisualStudio.TestTools.TestTypes.Unit.UnitTestAdapter, Microsoft.VisualStudio.QualityTools.Tips.UnitTest.Adapter, Version=10.0.0.0, Culture=neutral, PublicKeyToken=b03f5f7f11d50a3a" className="TestProject1.Nota10Test, TestProject1, Version=1.0.0.0, Culture=neutral, PublicKeyToken=null" name="Se_a_Nota_For_Uma_Nota_de_10_Reais_o_Valor_da_Nota_Deve_Ser_10" />
    </UnitTest>
    <UnitTest name="Se_a_Nota_For_Uma_Nota_de_100_Reais_o_Valor_da_Nota_Deve_Ser_100" storage="d:\projeto\mercadopleno\mpsc.dojo\projeto\[caixaeletronico]\bin\testproject1.dll" id="b67200fb-ea1e-a607-753e-c37b9458bbb6">
      <Execution id="f29f4c6b-2b97-4784-acd1-c7023974ec02" />
      <TestMethod codeBase="D:/Projeto/MercadoPleno/MPSC.Dojo/Projeto/[CaixaEletronico]/Bin/TestProject1.DLL" adapterTypeName="Microsoft.VisualStudio.TestTools.TestTypes.Unit.UnitTestAdapter, Microsoft.VisualStudio.QualityTools.Tips.UnitTest.Adapter, Version=10.0.0.0, Culture=neutral, PublicKeyToken=b03f5f7f11d50a3a" className="TestProject1.Nota100Test, TestProject1, Version=1.0.0.0, Culture=neutral, PublicKeyToken=null" name="Se_a_Nota_For_Uma_Nota_de_100_Reais_o_Valor_da_Nota_Deve_Ser_100" />
    </UnitTest>
    <UnitTest name="Se_Sacar_80_Reais_Deve_Retornar_1_Nota_de_50_Reais_1_Nota_de_20_Reais_e_1_Nota_de_10_Reais" storage="d:\projeto\mercadopleno\mpsc.dojo\projeto\[caixaeletronico]\bin\testproject1.dll" id="4797777f-bf26-36d3-2d38-6334817c033b">
      <Execution id="20389338-3a66-4cc5-8171-b4e09dcfcaf8" />
      <TestMethod codeBase="D:/Projeto/MercadoPleno/MPSC.Dojo/Projeto/[CaixaEletronico]/Bin/TestProject1.DLL" adapterTypeName="Microsoft.VisualStudio.TestTools.TestTypes.Unit.UnitTestAdapter, Microsoft.VisualStudio.QualityTools.Tips.UnitTest.Adapter, Version=10.0.0.0, Culture=neutral, PublicKeyToken=b03f5f7f11d50a3a" className="TestProject1.SaqueTest, TestProject1, Version=1.0.0.0, Culture=neutral, PublicKeyToken=null" name="Se_Sacar_80_Reais_Deve_Retornar_1_Nota_de_50_Reais_1_Nota_de_20_Reais_e_1_Nota_de_10_Reais" />
    </UnitTest>
    <UnitTest name="Se_Clonar_10_Nota2_Deve_Retornar_10_Notas_de_2_Reais" storage="d:\projeto\mercadopleno\mpsc.dojo\projeto\[caixaeletronico]\bin\testproject1.dll" id="22cd456a-186a-a466-38bb-b1e95e62ff48">
      <Execution id="5b62a879-1388-4d15-8d43-09cdd477a1b5" />
      <TestMethod codeBase="D:/Projeto/MercadoPleno/MPSC.Dojo/Projeto/[CaixaEletronico]/Bin/TestProject1.DLL" adapterTypeName="Microsoft.VisualStudio.TestTools.TestTypes.Unit.UnitTestAdapter, Microsoft.VisualStudio.QualityTools.Tips.UnitTest.Adapter, Version=10.0.0.0, Culture=neutral, PublicKeyToken=b03f5f7f11d50a3a" className="TestProject1.NotaTest, TestProject1, Version=1.0.0.0, Culture=neutral, PublicKeyToken=null" name="Se_Clonar_10_Nota2_Deve_Retornar_10_Notas_de_2_Reais" />
    </UnitTest>
    <UnitTest name="Se_Comparar_Uma_Nota_de_20_Reais_Com_Nulo_a_Comparacao_Deve_Retornar_Zero" storage="d:\projeto\mercadopleno\mpsc.dojo\projeto\[caixaeletronico]\bin\testproject1.dll" id="55ee2f92-aab3-9094-983f-8cc302925878">
      <Execution id="f9edcfd6-2f62-44b3-8046-b6a2e33a8e1e" />
      <TestMethod codeBase="D:/Projeto/MercadoPleno/MPSC.Dojo/Projeto/[CaixaEletronico]/Bin/TestProject1.DLL" adapterTypeName="Microsoft.VisualStudio.TestTools.TestTypes.Unit.UnitTestAdapter, Microsoft.VisualStudio.QualityTools.Tips.UnitTest.Adapter, Version=10.0.0.0, Culture=neutral, PublicKeyToken=b03f5f7f11d50a3a" className="TestProject1.NotaTest, TestProject1, Version=1.0.0.0, Culture=neutral, PublicKeyToken=null" name="Se_Comparar_Uma_Nota_de_20_Reais_Com_Nulo_a_Comparacao_Deve_Retornar_Zero" />
    </UnitTest>
    <UnitTest name="Se_Clonar_10_Nota10_Deve_Retornar_10_Notas_de_10_Reais" storage="d:\projeto\mercadopleno\mpsc.dojo\projeto\[caixaeletronico]\bin\testproject1.dll" id="29083e18-16cc-b146-14bb-a994d7dfb5b7">
      <Execution id="8d957b7c-effc-4d83-ae7d-3df625ab0cb8" />
      <TestMethod codeBase="D:/Projeto/MercadoPleno/MPSC.Dojo/Projeto/[CaixaEletronico]/Bin/TestProject1.DLL" adapterTypeName="Microsoft.VisualStudio.TestTools.TestTypes.Unit.UnitTestAdapter, Microsoft.VisualStudio.QualityTools.Tips.UnitTest.Adapter, Version=10.0.0.0, Culture=neutral, PublicKeyToken=b03f5f7f11d50a3a" className="TestProject1.NotaTest, TestProject1, Version=1.0.0.0, Culture=neutral, PublicKeyToken=null" name="Se_Clonar_10_Nota10_Deve_Retornar_10_Notas_de_10_Reais" />
    </UnitTest>
    <UnitTest name="Se_Comparar_Uma_Nota_de_20_Reais_Com_Outra_Nota_De_50_Reais_a_Comparacao_Deve_Retornar_1_Negativo" storage="d:\projeto\mercadopleno\mpsc.dojo\projeto\[caixaeletronico]\bin\testproject1.dll" id="66cb628d-7acc-c9b1-8631-f96ca7d344e0">
      <Execution id="464feb38-4b26-46b9-8646-f321e977671b" />
      <TestMethod codeBase="D:/Projeto/MercadoPleno/MPSC.Dojo/Projeto/[CaixaEletronico]/Bin/TestProject1.DLL" adapterTypeName="Microsoft.VisualStudio.TestTools.TestTypes.Unit.UnitTestAdapter, Microsoft.VisualStudio.QualityTools.Tips.UnitTest.Adapter, Version=10.0.0.0, Culture=neutral, PublicKeyToken=b03f5f7f11d50a3a" className="TestProject1.NotaTest, TestProject1, Version=1.0.0.0, Culture=neutral, PublicKeyToken=null" name="Se_Comparar_Uma_Nota_de_20_Reais_Com_Outra_Nota_De_50_Reais_a_Comparacao_Deve_Retornar_1_Negativo" />
    </UnitTest>
    <UnitTest name="Quando_Converter_Uma_Nota_de_50_Reais_Em_String_Deve_Retornar_RS_50_00" storage="d:\projeto\mercadopleno\mpsc.dojo\projeto\[caixaeletronico]\bin\testproject1.dll" id="ec342dcf-0526-54d2-8c18-ca38d305f76e">
      <Execution id="18e47d20-ac15-4979-ab90-e627f681a07d" />
      <TestMethod codeBase="D:/Projeto/MercadoPleno/MPSC.Dojo/Projeto/[CaixaEletronico]/Bin/TestProject1.DLL" adapterTypeName="Microsoft.VisualStudio.TestTools.TestTypes.Unit.UnitTestAdapter, Microsoft.VisualStudio.QualityTools.Tips.UnitTest.Adapter, Version=10.0.0.0, Culture=neutral, PublicKeyToken=b03f5f7f11d50a3a" className="TestProject1.NotaTest, TestProject1, Version=1.0.0.0, Culture=neutral, PublicKeyToken=null" name="Quando_Converter_Uma_Nota_de_50_Reais_Em_String_Deve_Retornar_RS_50_00" />
    </UnitTest>
    <UnitTest name="Se_a_Nota_For_Uma_Nota_de_5_Reais_o_Valor_da_Nota_Deve_Ser_5" storage="d:\projeto\mercadopleno\mpsc.dojo\projeto\[caixaeletronico]\bin\testproject1.dll" id="44dacb2b-9dfe-dbb3-d5c6-9677f3b62d3d">
      <Execution id="b60df4ca-0963-4f9a-b889-60fd05a48a1d" />
      <TestMethod codeBase="D:/Projeto/MercadoPleno/MPSC.Dojo/Projeto/[CaixaEletronico]/Bin/TestProject1.DLL" adapterTypeName="Microsoft.VisualStudio.TestTools.TestTypes.Unit.UnitTestAdapter, Microsoft.VisualStudio.QualityTools.Tips.UnitTest.Adapter, Version=10.0.0.0, Culture=neutral, PublicKeyToken=b03f5f7f11d50a3a" className="TestProject1.Nota5Test, TestProject1, Version=1.0.0.0, Culture=neutral, PublicKeyToken=null" name="Se_a_Nota_For_Uma_Nota_de_5_Reais_o_Valor_da_Nota_Deve_Ser_5" />
    </UnitTest>
    <UnitTest name="Quando_Converter_Uma_Nota_de_100_Reais_Em_String_Deve_Retornar_RS_100_00" storage="d:\projeto\mercadopleno\mpsc.dojo\projeto\[caixaeletronico]\bin\testproject1.dll" id="2107c396-686f-a326-6312-36d0c2bbc10a">
      <Execution id="88809c70-fe8a-40a6-afeb-5b448ed442fb" />
      <TestMethod codeBase="D:/Projeto/MercadoPleno/MPSC.Dojo/Projeto/[CaixaEletronico]/Bin/TestProject1.DLL" adapterTypeName="Microsoft.VisualStudio.TestTools.TestTypes.Unit.UnitTestAdapter, Microsoft.VisualStudio.QualityTools.Tips.UnitTest.Adapter, Version=10.0.0.0, Culture=neutral, PublicKeyToken=b03f5f7f11d50a3a" className="TestProject1.NotaTest, TestProject1, Version=1.0.0.0, Culture=neutral, PublicKeyToken=null" name="Quando_Converter_Uma_Nota_de_100_Reais_Em_String_Deve_Retornar_RS_100_00" />
    </UnitTest>
    <UnitTest name="Quando_Converter_Uma_Nota_de_20_Reais_Em_String_Deve_Retornar_RS_20_00" storage="d:\projeto\mercadopleno\mpsc.dojo\projeto\[caixaeletronico]\bin\testproject1.dll" id="860f946e-92b7-1543-98ff-8d2e7c3d4ef8">
      <Execution id="5e804319-d823-43dc-83fc-735637d78a2c" />
      <TestMethod codeBase="D:/Projeto/MercadoPleno/MPSC.Dojo/Projeto/[CaixaEletronico]/Bin/TestProject1.DLL" adapterTypeName="Microsoft.VisualStudio.TestTools.TestTypes.Unit.UnitTestAdapter, Microsoft.VisualStudio.QualityTools.Tips.UnitTest.Adapter, Version=10.0.0.0, Culture=neutral, PublicKeyToken=b03f5f7f11d50a3a" className="TestProject1.NotaTest, TestProject1, Version=1.0.0.0, Culture=neutral, PublicKeyToken=null" name="Quando_Converter_Uma_Nota_de_20_Reais_Em_String_Deve_Retornar_RS_20_00" />
    </UnitTest>
    <UnitTest name="Se_a_Nota_For_Uma_Nota_de_2_Reais_o_Valor_da_Nota_Deve_Ser_2" storage="d:\projeto\mercadopleno\mpsc.dojo\projeto\[caixaeletronico]\bin\testproject1.dll" id="7a1d35e5-5785-4a3a-c216-22705071e935">
      <Execution id="ae443f72-6124-4ffe-98a9-423dbe211a3a" />
      <TestMethod codeBase="D:/Projeto/MercadoPleno/MPSC.Dojo/Projeto/[CaixaEletronico]/Bin/TestProject1.DLL" adapterTypeName="Microsoft.VisualStudio.TestTools.TestTypes.Unit.UnitTestAdapter, Microsoft.VisualStudio.QualityTools.Tips.UnitTest.Adapter, Version=10.0.0.0, Culture=neutral, PublicKeyToken=b03f5f7f11d50a3a" className="TestProject1.Nota2Test, TestProject1, Version=1.0.0.0, Culture=neutral, PublicKeyToken=null" name="Se_a_Nota_For_Uma_Nota_de_2_Reais_o_Valor_da_Nota_Deve_Ser_2" />
    </UnitTest>
    <UnitTest name="Se_a_Nota_For_Uma_Nota_de_20_Reais_o_Valor_da_Nota_Deve_Ser_20" storage="d:\projeto\mercadopleno\mpsc.dojo\projeto\[caixaeletronico]\bin\testproject1.dll" id="73dc9e4f-2c8c-d15e-d52f-d475af3a0850">
      <Execution id="3a32201f-ea2b-40e2-b9c6-e19355cfbf37" />
      <TestMethod codeBase="D:/Projeto/MercadoPleno/MPSC.Dojo/Projeto/[CaixaEletronico]/Bin/TestProject1.DLL" adapterTypeName="Microsoft.VisualStudio.TestTools.TestTypes.Unit.UnitTestAdapter, Microsoft.VisualStudio.QualityTools.Tips.UnitTest.Adapter, Version=10.0.0.0, Culture=neutral, PublicKeyToken=b03f5f7f11d50a3a" className="TestProject1.Nota20Test, TestProject1, Version=1.0.0.0, Culture=neutral, PublicKeyToken=null" name="Se_a_Nota_For_Uma_Nota_de_20_Reais_o_Valor_da_Nota_Deve_Ser_20" />
    </UnitTest>
    <UnitTest name="Se_a_Nota_For_Uma_Nota_de_50_Reais_o_Valor_da_Nota_Deve_Ser_50" storage="d:\projeto\mercadopleno\mpsc.dojo\projeto\[caixaeletronico]\bin\testproject1.dll" id="9457131f-544f-5591-8251-e7578deb6455">
      <Execution id="db73cc7d-91ca-47e7-8352-c0058ca1808a" />
      <TestMethod codeBase="D:/Projeto/MercadoPleno/MPSC.Dojo/Projeto/[CaixaEletronico]/Bin/TestProject1.DLL" adapterTypeName="Microsoft.VisualStudio.TestTools.TestTypes.Unit.UnitTestAdapter, Microsoft.VisualStudio.QualityTools.Tips.UnitTest.Adapter, Version=10.0.0.0, Culture=neutral, PublicKeyToken=b03f5f7f11d50a3a" className="TestProject1.Nota50Test, TestProject1, Version=1.0.0.0, Culture=neutral, PublicKeyToken=null" name="Se_a_Nota_For_Uma_Nota_de_50_Reais_o_Valor_da_Nota_Deve_Ser_50" />
    </UnitTest>
    <UnitTest name="Se_Clonar_10_Nota20_Deve_Retornar_10_Notas_de_20_Reais" storage="d:\projeto\mercadopleno\mpsc.dojo\projeto\[caixaeletronico]\bin\testproject1.dll" id="f1521d28-1897-ff2d-24cb-e2e9bf30c299">
      <Execution id="0c5452a3-228d-410b-947f-5ae1581ae3b9" />
      <TestMethod codeBase="D:/Projeto/MercadoPleno/MPSC.Dojo/Projeto/[CaixaEletronico]/Bin/TestProject1.DLL" adapterTypeName="Microsoft.VisualStudio.TestTools.TestTypes.Unit.UnitTestAdapter, Microsoft.VisualStudio.QualityTools.Tips.UnitTest.Adapter, Version=10.0.0.0, Culture=neutral, PublicKeyToken=b03f5f7f11d50a3a" className="TestProject1.NotaTest, TestProject1, Version=1.0.0.0, Culture=neutral, PublicKeyToken=null" name="Se_Clonar_10_Nota20_Deve_Retornar_10_Notas_de_20_Reais" />
    </UnitTest>
    <UnitTest name="Se_Comparar_Uma_Nota_de_20_Reais_Com_Outra_Nota_De_20_Reais_a_Comparacao_Deve_Retornar_Zero" storage="d:\projeto\mercadopleno\mpsc.dojo\projeto\[caixaeletronico]\bin\testproject1.dll" id="30d2833d-3268-9b1c-8a50-e04e3b528867">
      <Execution id="edd1d4fc-c5e2-4f34-b8d0-a1cf7c1734df" />
      <TestMethod codeBase="D:/Projeto/MercadoPleno/MPSC.Dojo/Projeto/[CaixaEletronico]/Bin/TestProject1.DLL" adapterTypeName="Microsoft.VisualStudio.TestTools.TestTypes.Unit.UnitTestAdapter, Microsoft.VisualStudio.QualityTools.Tips.UnitTest.Adapter, Version=10.0.0.0, Culture=neutral, PublicKeyToken=b03f5f7f11d50a3a" className="TestProject1.NotaTest, TestProject1, Version=1.0.0.0, Culture=neutral, PublicKeyToken=null" name="Se_Comparar_Uma_Nota_de_20_Reais_Com_Outra_Nota_De_20_Reais_a_Comparacao_Deve_Retornar_Zero" />
    </UnitTest>
    <UnitTest name="Quando_Converter_Uma_Nota_de_10_Reais_Em_String_Deve_Retornar_RS_10_00" storage="d:\projeto\mercadopleno\mpsc.dojo\projeto\[caixaeletronico]\bin\testproject1.dll" id="5aa50530-99d6-523d-7662-f8973e20fdad">
      <Execution id="f343be5b-a71f-437f-80a6-5452e4b4e14d" />
      <TestMethod codeBase="D:/Projeto/MercadoPleno/MPSC.Dojo/Projeto/[CaixaEletronico]/Bin/TestProject1.DLL" adapterTypeName="Microsoft.VisualStudio.TestTools.TestTypes.Unit.UnitTestAdapter, Microsoft.VisualStudio.QualityTools.Tips.UnitTest.Adapter, Version=10.0.0.0, Culture=neutral, PublicKeyToken=b03f5f7f11d50a3a" className="TestProject1.NotaTest, TestProject1, Version=1.0.0.0, Culture=neutral, PublicKeyToken=null" name="Quando_Converter_Uma_Nota_de_10_Reais_Em_String_Deve_Retornar_RS_10_00" />
    </UnitTest>
    <UnitTest name="Se_a_Nota_For_Uma_Nota_de_200_Reais_o_Valor_da_Nota_Deve_Ser_200" storage="d:\projeto\mercadopleno\mpsc.dojo\projeto\[caixaeletronico]\bin\testproject1.dll" id="84542a07-e847-6e27-8987-a1ab1ca1a9dd">
      <Execution id="bd4bd55b-ba07-4c0b-9aa6-8257cf733309" />
      <TestMethod codeBase="D:/Projeto/MercadoPleno/MPSC.Dojo/Projeto/[CaixaEletronico]/Bin/TestProject1.DLL" adapterTypeName="Microsoft.VisualStudio.TestTools.TestTypes.Unit.UnitTestAdapter, Microsoft.VisualStudio.QualityTools.Tips.UnitTest.Adapter, Version=10.0.0.0, Culture=neutral, PublicKeyToken=b03f5f7f11d50a3a" className="TestProject1.Nota200Test, TestProject1, Version=1.0.0.0, Culture=neutral, PublicKeyToken=null" name="Se_a_Nota_For_Uma_Nota_de_200_Reais_o_Valor_da_Nota_Deve_Ser_200" />
    </UnitTest>
    <UnitTest name="Se_Sacar_50_Reais_Deve_Retornar_1_Nota_de_50_Reais" storage="d:\projeto\mercadopleno\mpsc.dojo\projeto\[caixaeletronico]\bin\testproject1.dll" id="ee3ccdff-4b66-cc42-0198-13b6ecbdf4b4">
      <Execution id="15a7b86c-5bf6-4b3c-ab16-d7bb44981eb3" />
      <TestMethod codeBase="D:/Projeto/MercadoPleno/MPSC.Dojo/Projeto/[CaixaEletronico]/Bin/TestProject1.DLL" adapterTypeName="Microsoft.VisualStudio.TestTools.TestTypes.Unit.UnitTestAdapter, Microsoft.VisualStudio.QualityTools.Tips.UnitTest.Adapter, Version=10.0.0.0, Culture=neutral, PublicKeyToken=b03f5f7f11d50a3a" className="TestProject1.SaqueTest, TestProject1, Version=1.0.0.0, Culture=neutral, PublicKeyToken=null" name="Se_Sacar_50_Reais_Deve_Retornar_1_Nota_de_50_Reais" />
    </UnitTest>
  </TestDefinitions>
  <TestLists>
    <TestList name="Results Not in a List" id="8c84fa94-04c1-424b-9868-57a2d4851a1d" />
    <TestList name="All Loaded Results" id="19431567-8539-422a-85d7-44ee4e166bda" />
  </TestLists>
  <TestEntries>
    <TestEntry testId="09d99368-afcb-506a-1958-6522c5224b65" executionId="8d090cbd-8e0a-4bd9-b3d3-8dfd7b7f1bf1" testListId="8c84fa94-04c1-424b-9868-57a2d4851a1d" />
    <TestEntry testId="197b5169-cc06-f432-df95-c320417e284f" executionId="3a3db515-fbb3-4067-b1a6-5657669dd85e" testListId="8c84fa94-04c1-424b-9868-57a2d4851a1d" />
    <TestEntry testId="20a542dd-9550-7f48-a2d1-cd115ec38b68" executionId="faa2d48a-cef3-4dd4-9bb6-eb6d002ee36e" testListId="8c84fa94-04c1-424b-9868-57a2d4851a1d" />
    <TestEntry testId="2107c396-686f-a326-6312-36d0c2bbc10a" executionId="88809c70-fe8a-40a6-afeb-5b448ed442fb" testListId="8c84fa94-04c1-424b-9868-57a2d4851a1d" />
    <TestEntry testId="22cd456a-186a-a466-38bb-b1e95e62ff48" executionId="5b62a879-1388-4d15-8d43-09cdd477a1b5" testListId="8c84fa94-04c1-424b-9868-57a2d4851a1d" />
    <TestEntry testId="29083e18-16cc-b146-14bb-a994d7dfb5b7" executionId="8d957b7c-effc-4d83-ae7d-3df625ab0cb8" testListId="8c84fa94-04c1-424b-9868-57a2d4851a1d" />
    <TestEntry testId="300b6de9-d0dc-1a87-dfbe-f0df6e7f5586" executionId="d6c47a92-4d70-494e-be5f-98cf60bf75be" testListId="8c84fa94-04c1-424b-9868-57a2d4851a1d" />
    <TestEntry testId="30d2833d-3268-9b1c-8a50-e04e3b528867" executionId="edd1d4fc-c5e2-4f34-b8d0-a1cf7c1734df" testListId="8c84fa94-04c1-424b-9868-57a2d4851a1d" />
    <TestEntry testId="44dacb2b-9dfe-dbb3-d5c6-9677f3b62d3d" executionId="b60df4ca-0963-4f9a-b889-60fd05a48a1d" testListId="8c84fa94-04c1-424b-9868-57a2d4851a1d" />
    <TestEntry testId="4797777f-bf26-36d3-2d38-6334817c033b" executionId="20389338-3a66-4cc5-8171-b4e09dcfcaf8" testListId="8c84fa94-04c1-424b-9868-57a2d4851a1d" />
    <TestEntry testId="55ee2f92-aab3-9094-983f-8cc302925878" executionId="f9edcfd6-2f62-44b3-8046-b6a2e33a8e1e" testListId="8c84fa94-04c1-424b-9868-57a2d4851a1d" />
    <TestEntry testId="5aa50530-99d6-523d-7662-f8973e20fdad" executionId="f343be5b-a71f-437f-80a6-5452e4b4e14d" testListId="8c84fa94-04c1-424b-9868-57a2d4851a1d" />
    <TestEntry testId="5cc7b6b5-1411-8e85-cfa1-aea5ff3ae8e1" executionId="97de6a80-8819-426d-870a-9b617da9c113" testListId="8c84fa94-04c1-424b-9868-57a2d4851a1d" />
    <TestEntry testId="66cb628d-7acc-c9b1-8631-f96ca7d344e0" executionId="464feb38-4b26-46b9-8646-f321e977671b" testListId="8c84fa94-04c1-424b-9868-57a2d4851a1d" />
    <TestEntry testId="6e16e2f8-6dfa-d1ea-0438-ac6751dfb314" executionId="6d24e188-6942-4a73-b709-e037bf37d43f" testListId="8c84fa94-04c1-424b-9868-57a2d4851a1d" />
    <TestEntry testId="704680a5-4ea5-56e8-1845-06251993585e" executionId="c3cf9521-44f0-4a72-af4e-0152d965e7dd" testListId="8c84fa94-04c1-424b-9868-57a2d4851a1d" />
    <TestEntry testId="73dc9e4f-2c8c-d15e-d52f-d475af3a0850" executionId="3a32201f-ea2b-40e2-b9c6-e19355cfbf37" testListId="8c84fa94-04c1-424b-9868-57a2d4851a1d" />
    <TestEntry testId="7a1d35e5-5785-4a3a-c216-22705071e935" executionId="ae443f72-6124-4ffe-98a9-423dbe211a3a" testListId="8c84fa94-04c1-424b-9868-57a2d4851a1d" />
    <TestEntry testId="80044c07-c8ee-f918-ee80-e471e604d7db" executionId="81359490-9c57-43f8-b67a-5455d304d656" testListId="8c84fa94-04c1-424b-9868-57a2d4851a1d" />
    <TestEntry testId="84542a07-e847-6e27-8987-a1ab1ca1a9dd" executionId="bd4bd55b-ba07-4c0b-9aa6-8257cf733309" testListId="8c84fa94-04c1-424b-9868-57a2d4851a1d" />
    <TestEntry testId="860f946e-92b7-1543-98ff-8d2e7c3d4ef8" executionId="5e804319-d823-43dc-83fc-735637d78a2c" testListId="8c84fa94-04c1-424b-9868-57a2d4851a1d" />
    <TestEntry testId="930d456f-b8ae-0087-bd87-56faa6d32eba" executionId="99ec0ea0-acc0-415b-b2fe-b5fa5ac959ad" testListId="8c84fa94-04c1-424b-9868-57a2d4851a1d" />
    <TestEntry testId="9457131f-544f-5591-8251-e7578deb6455" executionId="db73cc7d-91ca-47e7-8352-c0058ca1808a" testListId="8c84fa94-04c1-424b-9868-57a2d4851a1d" />
    <TestEntry testId="a95c582e-4e43-0dde-2aad-13bd6187c9bc" executionId="a9ba1134-54ec-4bac-9706-46993a1878f8" testListId="8c84fa94-04c1-424b-9868-57a2d4851a1d" />
    <TestEntry testId="b4cb7266-3ac4-2c40-b6b1-7b72353912d7" executionId="9688f7b1-7574-4874-af1d-fd55f9a5d35d" testListId="8c84fa94-04c1-424b-9868-57a2d4851a1d" />
    <TestEntry testId="b67200fb-ea1e-a607-753e-c37b9458bbb6" executionId="f29f4c6b-2b97-4784-acd1-c7023974ec02" testListId="8c84fa94-04c1-424b-9868-57a2d4851a1d" />
    <TestEntry testId="de16fd6c-5a2b-44da-e81b-4f630ecf4796" executionId="c2bed1cc-f484-46b3-8893-144bafd140ed" testListId="8c84fa94-04c1-424b-9868-57a2d4851a1d" />
    <TestEntry testId="ec342dcf-0526-54d2-8c18-ca38d305f76e" executionId="18e47d20-ac15-4979-ab90-e627f681a07d" testListId="8c84fa94-04c1-424b-9868-57a2d4851a1d" />
    <TestEntry testId="ed9e88f8-debe-02e0-c578-2981478b820e" executionId="37574c55-1b53-4525-9c41-8673a7bd86b0" testListId="8c84fa94-04c1-424b-9868-57a2d4851a1d" />
    <TestEntry testId="ee3ccdff-4b66-cc42-0198-13b6ecbdf4b4" executionId="15a7b86c-5bf6-4b3c-ab16-d7bb44981eb3" testListId="8c84fa94-04c1-424b-9868-57a2d4851a1d" />
    <TestEntry testId="f1521d28-1897-ff2d-24cb-e2e9bf30c299" executionId="0c5452a3-228d-410b-947f-5ae1581ae3b9" testListId="8c84fa94-04c1-424b-9868-57a2d4851a1d" />
    <TestEntry testId="f2cdae1c-5ebf-a493-0bc0-175f41d25da1" executionId="802a75b3-271d-4a0d-aed0-d56eec5f4333" testListId="8c84fa94-04c1-424b-9868-57a2d4851a1d" />
  </TestEntries>
  <Results>
    <UnitTestResult executionId="8d090cbd-8e0a-4bd9-b3d3-8dfd7b7f1bf1" testId="09d99368-afcb-506a-1958-6522c5224b65" testName="Se_Comparar_Uma_Nota_de_20_Reais_Com_Algum_Objeto_Que_Nao_Herda_De_Nota_a_Comparacao_Deve_Retornar_Zero" computerName="NOTECCE" duration="00:00:00.0191356" startTime="2014-01-29T21:17:46.9339752-02:00" endTime="2014-01-29T21:17:47.2019906-02:00" testType="13cdc9d9-ddb5-4fa4-a97d-d965ccfc6d4b" outcome="Passed" testListId="8c84fa94-04c1-424b-9868-57a2d4851a1d" relativeResultsDirectory="8d090cbd-8e0a-4bd9-b3d3-8dfd7b7f1bf1">
    </UnitTestResult>
    <UnitTestResult executionId="3a3db515-fbb3-4067-b1a6-5657669dd85e" testId="197b5169-cc06-f432-df95-c320417e284f" testName="Se_Sacar_190_Reais_Deve_Retornar_1_Nota_de_100_Reais_1_Nota_de_50_Reais_2_Notas_de_20_Reais_e_0_Notas_de_10_Reais" computerName="NOTECCE" duration="00:00:00.0036443" startTime="2014-01-29T21:17:47.2029906-02:00" endTime="2014-01-29T21:17:47.2119911-02:00" testType="13cdc9d9-ddb5-4fa4-a97d-d965ccfc6d4b" outcome="Passed" testListId="8c84fa94-04c1-424b-9868-57a2d4851a1d" relativeResultsDirectory="3a3db515-fbb3-4067-b1a6-5657669dd85e">
    </UnitTestResult>
    <UnitTestResult executionId="faa2d48a-cef3-4dd4-9bb6-eb6d002ee36e" testId="20a542dd-9550-7f48-a2d1-cd115ec38b68" testName="Se_Clonar_10_Nota5_Deve_Retornar_10_Notas_de_5_Reais" computerName="NOTECCE" duration="00:00:00.0005413" startTime="2014-01-29T21:17:47.2139913-02:00" endTime="2014-01-29T21:17:47.2199916-02:00" testType="13cdc9d9-ddb5-4fa4-a97d-d965ccfc6d4b" outcome="Passed" testListId="8c84fa94-04c1-424b-9868-57a2d4851a1d" relativeResultsDirectory="faa2d48a-cef3-4dd4-9bb6-eb6d002ee36e">
    </UnitTestResult>
    <UnitTestResult executionId="88809c70-fe8a-40a6-afeb-5b448ed442fb" testId="2107c396-686f-a326-6312-36d0c2bbc10a" testName="Quando_Converter_Uma_Nota_de_100_Reais_Em_String_Deve_Retornar_RS_100_00" computerName="NOTECCE" duration="00:00:00.0005854" startTime="2014-01-29T21:17:47.2219917-02:00" endTime="2014-01-29T21:17:47.2289921-02:00" testType="13cdc9d9-ddb5-4fa4-a97d-d965ccfc6d4b" outcome="Passed" testListId="8c84fa94-04c1-424b-9868-57a2d4851a1d" relativeResultsDirectory="88809c70-fe8a-40a6-afeb-5b448ed442fb">
    </UnitTestResult>
    <UnitTestResult executionId="5b62a879-1388-4d15-8d43-09cdd477a1b5" testId="22cd456a-186a-a466-38bb-b1e95e62ff48" testName="Se_Clonar_10_Nota2_Deve_Retornar_10_Notas_de_2_Reais" computerName="NOTECCE" duration="00:00:00.0006188" startTime="2014-01-29T21:17:47.2299922-02:00" endTime="2014-01-29T21:17:47.2379926-02:00" testType="13cdc9d9-ddb5-4fa4-a97d-d965ccfc6d4b" outcome="Passed" testListId="8c84fa94-04c1-424b-9868-57a2d4851a1d" relativeResultsDirectory="5b62a879-1388-4d15-8d43-09cdd477a1b5">
    </UnitTestResult>
    <UnitTestResult executionId="8d957b7c-effc-4d83-ae7d-3df625ab0cb8" testId="29083e18-16cc-b146-14bb-a994d7dfb5b7" testName="Se_Clonar_10_Nota10_Deve_Retornar_10_Notas_de_10_Reais" computerName="NOTECCE" duration="00:00:00.0006091" startTime="2014-01-29T21:17:47.2399927-02:00" endTime="2014-01-29T21:17:47.2489933-02:00" testType="13cdc9d9-ddb5-4fa4-a97d-d965ccfc6d4b" outcome="Passed" testListId="8c84fa94-04c1-424b-9868-57a2d4851a1d" relativeResultsDirectory="8d957b7c-effc-4d83-ae7d-3df625ab0cb8">
    </UnitTestResult>
    <UnitTestResult executionId="d6c47a92-4d70-494e-be5f-98cf60bf75be" testId="300b6de9-d0dc-1a87-dfbe-f0df6e7f5586" testName="Se_Sacar_30_Reais_Deve_Retornar_1_Nota_de_20_Reais_e_1_Nota_de_10_Reais" computerName="NOTECCE" duration="00:00:00.0007661" startTime="2014-01-29T21:17:47.2509934-02:00" endTime="2014-01-29T21:17:47.2579938-02:00" testType="13cdc9d9-ddb5-4fa4-a97d-d965ccfc6d4b" outcome="Passed" testListId="8c84fa94-04c1-424b-9868-57a2d4851a1d" relativeResultsDirectory="d6c47a92-4d70-494e-be5f-98cf60bf75be">
    </UnitTestResult>
    <UnitTestResult executionId="edd1d4fc-c5e2-4f34-b8d0-a1cf7c1734df" testId="30d2833d-3268-9b1c-8a50-e04e3b528867" testName="Se_Comparar_Uma_Nota_de_20_Reais_Com_Outra_Nota_De_20_Reais_a_Comparacao_Deve_Retornar_Zero" computerName="NOTECCE" duration="00:00:00.0002817" startTime="2014-01-29T21:17:47.2589938-02:00" endTime="2014-01-29T21:17:47.2659942-02:00" testType="13cdc9d9-ddb5-4fa4-a97d-d965ccfc6d4b" outcome="Passed" testListId="8c84fa94-04c1-424b-9868-57a2d4851a1d" relativeResultsDirectory="edd1d4fc-c5e2-4f34-b8d0-a1cf7c1734df">
    </UnitTestResult>
    <UnitTestResult executionId="b60df4ca-0963-4f9a-b889-60fd05a48a1d" testId="44dacb2b-9dfe-dbb3-d5c6-9677f3b62d3d" testName="Se_a_Nota_For_Uma_Nota_de_5_Reais_o_Valor_da_Nota_Deve_Ser_5" computerName="NOTECCE" duration="00:00:00.0003299" startTime="2014-01-29T21:17:47.2669943-02:00" endTime="2014-01-29T21:17:47.2729946-02:00" testType="13cdc9d9-ddb5-4fa4-a97d-d965ccfc6d4b" outcome="Passed" testListId="8c84fa94-04c1-424b-9868-57a2d4851a1d" relativeResultsDirectory="b60df4ca-0963-4f9a-b889-60fd05a48a1d">
    </UnitTestResult>
    <UnitTestResult executionId="20389338-3a66-4cc5-8171-b4e09dcfcaf8" testId="4797777f-bf26-36d3-2d38-6334817c033b" testName="Se_Sacar_80_Reais_Deve_Retornar_1_Nota_de_50_Reais_1_Nota_de_20_Reais_e_1_Nota_de_10_Reais" computerName="NOTECCE" duration="00:00:00.0007522" startTime="2014-01-29T21:17:47.2739947-02:00" endTime="2014-01-29T21:17:47.2809951-02:00" testType="13cdc9d9-ddb5-4fa4-a97d-d965ccfc6d4b" outcome="Passed" testListId="8c84fa94-04c1-424b-9868-57a2d4851a1d" relativeResultsDirectory="20389338-3a66-4cc5-8171-b4e09dcfcaf8">
    </UnitTestResult>
    <UnitTestResult executionId="f9edcfd6-2f62-44b3-8046-b6a2e33a8e1e" testId="55ee2f92-aab3-9094-983f-8cc302925878" testName="Se_Comparar_Uma_Nota_de_20_Reais_Com_Nulo_a_Comparacao_Deve_Retornar_Zero" computerName="NOTECCE" duration="00:00:00.0002447" startTime="2014-01-29T21:17:47.2819951-02:00" endTime="2014-01-29T21:17:47.2879955-02:00" testType="13cdc9d9-ddb5-4fa4-a97d-d965ccfc6d4b" outcome="Passed" testListId="8c84fa94-04c1-424b-9868-57a2d4851a1d" relativeResultsDirectory="f9edcfd6-2f62-44b3-8046-b6a2e33a8e1e">
    </UnitTestResult>
    <UnitTestResult executionId="f343be5b-a71f-437f-80a6-5452e4b4e14d" testId="5aa50530-99d6-523d-7662-f8973e20fdad" testName="Quando_Converter_Uma_Nota_de_10_Reais_Em_String_Deve_Retornar_RS_10_00" computerName="NOTECCE" duration="00:00:00.0002581" startTime="2014-01-29T21:17:47.2889955-02:00" endTime="2014-01-29T21:17:47.2949959-02:00" testType="13cdc9d9-ddb5-4fa4-a97d-d965ccfc6d4b" outcome="Passed" testListId="8c84fa94-04c1-424b-9868-57a2d4851a1d" relativeResultsDirectory="f343be5b-a71f-437f-80a6-5452e4b4e14d">
    </UnitTestResult>
    <UnitTestResult executionId="97de6a80-8819-426d-870a-9b617da9c113" testId="5cc7b6b5-1411-8e85-cfa1-aea5ff3ae8e1" testName="Se_Tentar_Sacar_Centavos_ou_Valores_Menores_Que_10_Reais_Deve_Disparar_Excecao" computerName="NOTECCE" duration="00:00:00.0035827" startTime="2014-01-29T21:17:47.2959959-02:00" endTime="2014-01-29T21:17:47.3059965-02:00" testType="13cdc9d9-ddb5-4fa4-a97d-d965ccfc6d4b" outcome="Passed" testListId="8c84fa94-04c1-424b-9868-57a2d4851a1d" relativeResultsDirectory="97de6a80-8819-426d-870a-9b617da9c113">
    </UnitTestResult>
    <UnitTestResult executionId="464feb38-4b26-46b9-8646-f321e977671b" testId="66cb628d-7acc-c9b1-8631-f96ca7d344e0" testName="Se_Comparar_Uma_Nota_de_20_Reais_Com_Outra_Nota_De_50_Reais_a_Comparacao_Deve_Retornar_1_Negativo" computerName="NOTECCE" duration="00:00:00.0002647" startTime="2014-01-29T21:17:47.3069966-02:00" endTime="2014-01-29T21:17:47.3129969-02:00" testType="13cdc9d9-ddb5-4fa4-a97d-d965ccfc6d4b" outcome="Passed" testListId="8c84fa94-04c1-424b-9868-57a2d4851a1d" relativeResultsDirectory="464feb38-4b26-46b9-8646-f321e977671b">
    </UnitTestResult>
    <UnitTestResult executionId="6d24e188-6942-4a73-b709-e037bf37d43f" testId="6e16e2f8-6dfa-d1ea-0438-ac6751dfb314" testName="Se_Sacar_20_Reais_Deve_Retornar_1_Nota_de_20_Reais" computerName="NOTECCE" duration="00:00:00.0006624" startTime="2014-01-29T21:17:47.3139970-02:00" endTime="2014-01-29T21:17:47.3209974-02:00" testType="13cdc9d9-ddb5-4fa4-a97d-d965ccfc6d4b" outcome="Passed" testListId="8c84fa94-04c1-424b-9868-57a2d4851a1d" relativeResultsDirectory="6d24e188-6942-4a73-b709-e037bf37d43f">
    </UnitTestResult>
    <UnitTestResult executionId="c3cf9521-44f0-4a72-af4e-0152d965e7dd" testId="704680a5-4ea5-56e8-1845-06251993585e" testName="Se_Sacar_100_Reais_Deve_Retornar_1_Nota_de_100_Reais" computerName="NOTECCE" duration="00:00:00.0006573" startTime="2014-01-29T21:17:47.3219974-02:00" endTime="2014-01-29T21:17:47.3279978-02:00" testType="13cdc9d9-ddb5-4fa4-a97d-d965ccfc6d4b" outcome="Passed" testListId="8c84fa94-04c1-424b-9868-57a2d4851a1d" relativeResultsDirectory="c3cf9521-44f0-4a72-af4e-0152d965e7dd">
    </UnitTestResult>
    <UnitTestResult executionId="3a32201f-ea2b-40e2-b9c6-e19355cfbf37" testId="73dc9e4f-2c8c-d15e-d52f-d475af3a0850" testName="Se_a_Nota_For_Uma_Nota_de_20_Reais_o_Valor_da_Nota_Deve_Ser_20" computerName="NOTECCE" duration="00:00:00.0003371" startTime="2014-01-29T21:17:47.3289978-02:00" endTime="2014-01-29T21:17:47.3349982-02:00" testType="13cdc9d9-ddb5-4fa4-a97d-d965ccfc6d4b" outcome="Passed" testListId="8c84fa94-04c1-424b-9868-57a2d4851a1d" relativeResultsDirectory="3a32201f-ea2b-40e2-b9c6-e19355cfbf37">
    </UnitTestResult>
    <UnitTestResult executionId="ae443f72-6124-4ffe-98a9-423dbe211a3a" testId="7a1d35e5-5785-4a3a-c216-22705071e935" testName="Se_a_Nota_For_Uma_Nota_de_2_Reais_o_Valor_da_Nota_Deve_Ser_2" computerName="NOTECCE" duration="00:00:00.0003340" startTime="2014-01-29T21:17:47.3359982-02:00" endTime="2014-01-29T21:17:47.3419986-02:00" testType="13cdc9d9-ddb5-4fa4-a97d-d965ccfc6d4b" outcome="Passed" testListId="8c84fa94-04c1-424b-9868-57a2d4851a1d" relativeResultsDirectory="ae443f72-6124-4ffe-98a9-423dbe211a3a">
    </UnitTestResult>
    <UnitTestResult executionId="81359490-9c57-43f8-b67a-5455d304d656" testId="80044c07-c8ee-f918-ee80-e471e604d7db" testName="Se_Clonar_10_Nota50_Deve_Retornar_10_Notas_de_50_Reais" computerName="NOTECCE" duration="00:00:00.0005290" startTime="2014-01-29T21:17:47.3429986-02:00" endTime="2014-01-29T21:17:47.3489990-02:00" testType="13cdc9d9-ddb5-4fa4-a97d-d965ccfc6d4b" outcome="Passed" testListId="8c84fa94-04c1-424b-9868-57a2d4851a1d" relativeResultsDirectory="81359490-9c57-43f8-b67a-5455d304d656">
    </UnitTestResult>
    <UnitTestResult executionId="bd4bd55b-ba07-4c0b-9aa6-8257cf733309" testId="84542a07-e847-6e27-8987-a1ab1ca1a9dd" testName="Se_a_Nota_For_Uma_Nota_de_200_Reais_o_Valor_da_Nota_Deve_Ser_200" computerName="NOTECCE" duration="00:00:00.0005203" startTime="2014-01-29T21:17:47.3499990-02:00" endTime="2014-01-29T21:17:47.3569994-02:00" testType="13cdc9d9-ddb5-4fa4-a97d-d965ccfc6d4b" outcome="Passed" testListId="8c84fa94-04c1-424b-9868-57a2d4851a1d" relativeResultsDirectory="bd4bd55b-ba07-4c0b-9aa6-8257cf733309">
    </UnitTestResult>
    <UnitTestResult executionId="5e804319-d823-43dc-83fc-735637d78a2c" testId="860f946e-92b7-1543-98ff-8d2e7c3d4ef8" testName="Quando_Converter_Uma_Nota_de_20_Reais_Em_String_Deve_Retornar_RS_20_00" computerName="NOTECCE" duration="00:00:00.0002724" startTime="2014-01-29T21:17:47.3579995-02:00" endTime="2014-01-29T21:17:47.3649999-02:00" testType="13cdc9d9-ddb5-4fa4-a97d-d965ccfc6d4b" outcome="Passed" testListId="8c84fa94-04c1-424b-9868-57a2d4851a1d" relativeResultsDirectory="5e804319-d823-43dc-83fc-735637d78a2c">
    </UnitTestResult>
    <UnitTestResult executionId="99ec0ea0-acc0-415b-b2fe-b5fa5ac959ad" testId="930d456f-b8ae-0087-bd87-56faa6d32eba" testName="Se_a_Nota_For_Uma_Nota_de_10_Reais_o_Valor_da_Nota_Deve_Ser_10" computerName="NOTECCE" duration="00:00:00.0003535" startTime="2014-01-29T21:17:47.3659999-02:00" endTime="2014-01-29T21:17:47.3730003-02:00" testType="13cdc9d9-ddb5-4fa4-a97d-d965ccfc6d4b" outcome="Passed" testListId="8c84fa94-04c1-424b-9868-57a2d4851a1d" relativeResultsDirectory="99ec0ea0-acc0-415b-b2fe-b5fa5ac959ad">
    </UnitTestResult>
    <UnitTestResult executionId="db73cc7d-91ca-47e7-8352-c0058ca1808a" testId="9457131f-544f-5591-8251-e7578deb6455" testName="Se_a_Nota_For_Uma_Nota_de_50_Reais_o_Valor_da_Nota_Deve_Ser_50" computerName="NOTECCE" duration="00:00:00.0003812" startTime="2014-01-29T21:17:47.3750005-02:00" endTime="2014-01-29T21:17:47.3820009-02:00" testType="13cdc9d9-ddb5-4fa4-a97d-d965ccfc6d4b" outcome="Passed" testListId="8c84fa94-04c1-424b-9868-57a2d4851a1d" relativeResultsDirectory="db73cc7d-91ca-47e7-8352-c0058ca1808a">
    </UnitTestResult>
    <UnitTestResult executionId="a9ba1134-54ec-4bac-9706-46993a1878f8" testId="a95c582e-4e43-0dde-2aad-13bd6187c9bc" testName="Se_Sacar_180_Reais_Deve_Retornar_1_Nota_de_100_Reais_1_Nota_de_50_Reais_1_Nota_de_20_Reais_e_1_Nota_de_10_Reais" computerName="NOTECCE" duration="00:00:00.0009657" startTime="2014-01-29T21:17:47.3840010-02:00" endTime="2014-01-29T21:17:47.3920014-02:00" testType="13cdc9d9-ddb5-4fa4-a97d-d965ccfc6d4b" outcome="Passed" testListId="8c84fa94-04c1-424b-9868-57a2d4851a1d" relativeResultsDirectory="a9ba1134-54ec-4bac-9706-46993a1878f8">
    </UnitTestResult>
    <UnitTestResult executionId="9688f7b1-7574-4874-af1d-fd55f9a5d35d" testId="b4cb7266-3ac4-2c40-b6b1-7b72353912d7" testName="Se_Tentar_Sacar_Valores_Maiores_e_Nao_Multiplos_de_10_Reais_Deve_Disparar_Excecao" computerName="NOTECCE" duration="00:00:00.0010945" startTime="2014-01-29T21:17:47.3940015-02:00" endTime="2014-01-29T21:17:47.4020020-02:00" testType="13cdc9d9-ddb5-4fa4-a97d-d965ccfc6d4b" outcome="Passed" testListId="8c84fa94-04c1-424b-9868-57a2d4851a1d" relativeResultsDirectory="9688f7b1-7574-4874-af1d-fd55f9a5d35d">
    </UnitTestResult>
    <UnitTestResult executionId="f29f4c6b-2b97-4784-acd1-c7023974ec02" testId="b67200fb-ea1e-a607-753e-c37b9458bbb6" testName="Se_a_Nota_For_Uma_Nota_de_100_Reais_o_Valor_da_Nota_Deve_Ser_100" computerName="NOTECCE" duration="00:00:00.0004459" startTime="2014-01-29T21:17:47.4040021-02:00" endTime="2014-01-29T21:17:47.4110025-02:00" testType="13cdc9d9-ddb5-4fa4-a97d-d965ccfc6d4b" outcome="Passed" testListId="8c84fa94-04c1-424b-9868-57a2d4851a1d" relativeResultsDirectory="f29f4c6b-2b97-4784-acd1-c7023974ec02">
    </UnitTestResult>
    <UnitTestResult executionId="c2bed1cc-f484-46b3-8893-144bafd140ed" testId="de16fd6c-5a2b-44da-e81b-4f630ecf4796" testName="Se_Comparar_Uma_Nota_de_20_Reais_Com_Outra_Nota_De_10_Reais_a_Comparacao_Deve_Retornar_1_Positivo" computerName="NOTECCE" duration="00:00:00.0002904" startTime="2014-01-29T21:17:47.4130026-02:00" endTime="2014-01-29T21:17:47.4190030-02:00" testType="13cdc9d9-ddb5-4fa4-a97d-d965ccfc6d4b" outcome="Passed" testListId="8c84fa94-04c1-424b-9868-57a2d4851a1d" relativeResultsDirectory="c2bed1cc-f484-46b3-8893-144bafd140ed">
    </UnitTestResult>
    <UnitTestResult executionId="18e47d20-ac15-4979-ab90-e627f681a07d" testId="ec342dcf-0526-54d2-8c18-ca38d305f76e" testName="Quando_Converter_Uma_Nota_de_50_Reais_Em_String_Deve_Retornar_RS_50_00" computerName="NOTECCE" duration="00:00:00.0002319" startTime="2014-01-29T21:17:47.4230032-02:00" endTime="2014-01-29T21:17:47.4290036-02:00" testType="13cdc9d9-ddb5-4fa4-a97d-d965ccfc6d4b" outcome="Passed" testListId="8c84fa94-04c1-424b-9868-57a2d4851a1d" relativeResultsDirectory="18e47d20-ac15-4979-ab90-e627f681a07d">
    </UnitTestResult>
    <UnitTestResult executionId="37574c55-1b53-4525-9c41-8673a7bd86b0" testId="ed9e88f8-debe-02e0-c578-2981478b820e" testName="Se_Clonar_10_Nota100_Deve_Retornar_10_Notas_de_100_Reais" computerName="NOTECCE" duration="00:00:00.0006157" startTime="2014-01-29T21:17:47.4300036-02:00" endTime="2014-01-29T21:17:47.4370040-02:00" testType="13cdc9d9-ddb5-4fa4-a97d-d965ccfc6d4b" outcome="Passed" testListId="8c84fa94-04c1-424b-9868-57a2d4851a1d" relativeResultsDirectory="37574c55-1b53-4525-9c41-8673a7bd86b0">
    </UnitTestResult>
    <UnitTestResult executionId="15a7b86c-5bf6-4b3c-ab16-d7bb44981eb3" testId="ee3ccdff-4b66-cc42-0198-13b6ecbdf4b4" testName="Se_Sacar_50_Reais_Deve_Retornar_1_Nota_de_50_Reais" computerName="NOTECCE" duration="00:00:00.0006783" startTime="2014-01-29T21:17:47.4380041-02:00" endTime="2014-01-29T21:17:47.4450045-02:00" testType="13cdc9d9-ddb5-4fa4-a97d-d965ccfc6d4b" outcome="Passed" testListId="8c84fa94-04c1-424b-9868-57a2d4851a1d" relativeResultsDirectory="15a7b86c-5bf6-4b3c-ab16-d7bb44981eb3">
    </UnitTestResult>
    <UnitTestResult executionId="0c5452a3-228d-410b-947f-5ae1581ae3b9" testId="f1521d28-1897-ff2d-24cb-e2e9bf30c299" testName="Se_Clonar_10_Nota20_Deve_Retornar_10_Notas_de_20_Reais" computerName="NOTECCE" duration="00:00:00.0007163" startTime="2014-01-29T21:17:47.4480046-02:00" endTime="2014-01-29T21:17:47.4560051-02:00" testType="13cdc9d9-ddb5-4fa4-a97d-d965ccfc6d4b" outcome="Passed" testListId="8c84fa94-04c1-424b-9868-57a2d4851a1d" relativeResultsDirectory="0c5452a3-228d-410b-947f-5ae1581ae3b9">
    </UnitTestResult>
    <UnitTestResult executionId="802a75b3-271d-4a0d-aed0-d56eec5f4333" testId="f2cdae1c-5ebf-a493-0bc0-175f41d25da1" testName="Se_Sacar_10_Reais_Deve_Retornar_1_Nota_de_10_Reais" computerName="NOTECCE" duration="00:00:00.0006732" startTime="2014-01-29T21:17:47.4570052-02:00" endTime="2014-01-29T21:17:47.4650056-02:00" testType="13cdc9d9-ddb5-4fa4-a97d-d965ccfc6d4b" outcome="Passed" testListId="8c84fa94-04c1-424b-9868-57a2d4851a1d" relativeResultsDirectory="802a75b3-271d-4a0d-aed0-d56eec5f4333">
    </UnitTestResult>
  </Results>
</TestRun>